<?xml version="1.0" encoding="UTF-8"?>
<!-- Generated by org.testng.reporters.JUnitReportReporter -->
<testsuite hostname="DESKTOP-H4ANUV3" name="testNG2.GoogleTest" tests="3" failures="0" timestamp="17 May 2019 19:27:14 GMT" time="60.608" errors="0">
  <testcase name="googleTitleTest" time="11.249" classname="testNG2.GoogleTest"/>
  <testcase name="googlelogoTest" time="28.145" classname="testNG2.GoogleTest"/>
  <testcase name="gmailLinkTest" time="21.214" classname="testNG2.GoogleTest"/>
</testsuite> <!-- testNG2.GoogleTest -->
