<?xml version="1.0" encoding="UTF-8"?>
<!-- Generated by org.testng.reporters.JUnitReportReporter -->
<testsuite hostname="DESKTOP-H4ANUV3" name="testNG2.GooglrTitletest" tests="2" failures="0" timestamp="1 Jun 2019 04:19:12 GMT" time="30.123" errors="0">
  <testcase name="googleLogoTest" time="16.197" classname="testNG2.GooglrTitletest"/>
  <testcase name="googleTitleTest" time="13.926" classname="testNG2.GooglrTitletest"/>
</testsuite> <!-- testNG2.GooglrTitletest -->
