<?xml version="1.0" encoding="UTF-8"?>
<!-- Generated by org.testng.reporters.JUnitReportReporter -->
<testsuite hostname="DESKTOP-H4ANUV3" name="TestNG.Yatra_comPopUP" tests="2" failures="0" timestamp="17 May 2019 20:10:21 GMT" time="48.004" errors="0">
  <testcase name="verifyOnewaySearch" time="42.932" classname="TestNG.Yatra_comPopUP"/>
  <testcase name="verifypopUP" time="5.072" classname="TestNG.Yatra_comPopUP"/>
</testsuite> <!-- TestNG.Yatra_comPopUP -->
