<?xml version="1.0" encoding="UTF-8"?>
<!-- Generated by org.testng.reporters.JUnitReportReporter -->
<testsuite hostname="DESKTOP-H4ANUV3" name="testNG2.VerifyTitle" tests="1" failures="0" timestamp="17 May 2019 23:21:31 GMT" time="64.991" errors="0">
  <testcase name="VerifyPageTitle" time="64.991" classname="testNG2.VerifyTitle"/>
</testsuite> <!-- testNG2.VerifyTitle -->
