<?xml version="1.0" encoding="UTF-8"?>
<!-- Generated by org.testng.reporters.JUnitReportReporter -->
<testsuite hostname="DESKTOP-H4ANUV3" name="testNG2.InvocationCountTest" tests="10" failures="0" timestamp="15 May 2019 00:28:26 GMT" time="0.032" errors="0">
  <testcase name="sum" time="0.001" classname="testNG2.InvocationCountTest"/>
  <testcase name="sum" time="0.001" classname="testNG2.InvocationCountTest"/>
  <testcase name="sum" time="0.001" classname="testNG2.InvocationCountTest"/>
  <testcase name="sum" time="0.001" classname="testNG2.InvocationCountTest"/>
  <testcase name="sum" time="0.001" classname="testNG2.InvocationCountTest"/>
  <testcase name="sum" time="0.002" classname="testNG2.InvocationCountTest"/>
  <testcase name="sum" time="0.017" classname="testNG2.InvocationCountTest"/>
  <testcase name="sum" time="0.002" classname="testNG2.InvocationCountTest"/>
  <testcase name="sum" time="0.001" classname="testNG2.InvocationCountTest"/>
  <testcase name="sum" time="0.005" classname="testNG2.InvocationCountTest"/>
</testsuite> <!-- testNG2.InvocationCountTest -->
