<?xml version="1.0" encoding="UTF-8"?>
<!-- Generated by org.testng.reporters.JUnitReportReporter -->
<testsuite hostname="DESKTOP-H4ANUV3" name="capturescreenshot.Facebookscreenshot" tests="1" failures="0" timestamp="30 Apr 2019 11:39:40 GMT" time="21.913" errors="0">
  <testcase name="captureScreenshot" time="21.913" classname="capturescreenshot.Facebookscreenshot"/>
</testsuite> <!-- capturescreenshot.Facebookscreenshot -->
