<?xml version="1.0" encoding="UTF-8"?>
<!-- Generated by org.testng.reporters.JUnitReportReporter -->
<testsuite hostname="DESKTOP-H4ANUV3" name="com.bitfang.testcases.VerifybitfangLogin" tests="1" failures="0" timestamp="10 May 2019 22:14:37 GMT" time="21.566" errors="0">
  <testcase name="validLogin" time="21.566" classname="com.bitfang.testcases.VerifybitfangLogin"/>
</testsuite> <!-- com.bitfang.testcases.VerifybitfangLogin -->
