<?xml version="1.0" encoding="UTF-8"?>
<!-- Generated by org.testng.reporters.JUnitReportReporter -->
<testsuite hostname="DESKTOP-H4ANUV3" name="com.bitfang.testcases.VerifybitfangLogin2" tests="1" failures="0" timestamp="10 May 2019 22:30:31 GMT" time="41.272" errors="0">
  <testcase name="validLogin" time="41.272" classname="com.bitfang.testcases.VerifybitfangLogin2"/>
</testsuite> <!-- com.bitfang.testcases.VerifybitfangLogin2 -->
