<?xml version="1.0" encoding="UTF-8"?>
<!-- Generated by org.testng.reporters.JUnitReportReporter -->
<testsuite hostname="DESKTOP-H4ANUV3" name="testNG2.ExceptionTimeOutTest" tests="1" failures="0" timestamp="15 May 2019 01:04:45 GMT" time="0.014" errors="0">
  <testcase name="test" time="0.014" classname="testNG2.ExceptionTimeOutTest"/>
</testsuite> <!-- testNG2.ExceptionTimeOutTest -->
