<?xml version="1.0" encoding="UTF-8"?>
<!-- Generated by org.testng.reporters.JUnitReportReporter -->
<testsuite hostname="DESKTOP-H4ANUV3" name="testNG2.TestNGStart" tests="3" failures="0" timestamp="16 May 2019 01:45:49 GMT" time="0.020" errors="0">
  <testcase name="googleTitleTest1" time="0.007" classname="testNG2.TestNGStart"/>
  <testcase name="googleTitleTest3" time="0.006" classname="testNG2.TestNGStart"/>
  <testcase name="googleTitleTest2" time="0.007" classname="testNG2.TestNGStart"/>
</testsuite> <!-- testNG2.TestNGStart -->
